  Cliente.c
c:\users\sergio\desktop\dungeonrpg\dungeonrpg\cliente_gui\cliente_gui\cliente.c(296): warning C4133: 'function': incompatible types - from 'char [5]' to 'TCHAR *'
c:\users\sergio\desktop\dungeonrpg\dungeonrpg\cliente_gui\cliente_gui\cliente.c(296): warning C4133: 'function': incompatible types - from 'char [3]' to 'TCHAR *'
c:\users\sergio\desktop\dungeonrpg\dungeonrpg\cliente_gui\cliente_gui\cliente.c(282): warning C4101: 'percorre': unreferenced local variable
c:\users\sergio\desktop\dungeonrpg\dungeonrpg\cliente_gui\cliente_gui\cliente.c(282): warning C4101: 'i': unreferenced local variable
c:\users\sergio\desktop\dungeonrpg\dungeonrpg\cliente_gui\cliente_gui\cliente.c(354): warning C4133: 'function': incompatible types - from 'char [5]' to 'TCHAR *'
c:\users\sergio\desktop\dungeonrpg\dungeonrpg\cliente_gui\cliente_gui\cliente.c(527): warning C4133: 'function': incompatible types - from 'HDC' to 'HWND'
c:\users\sergio\desktop\dungeonrpg\dungeonrpg\cliente_gui\cliente_gui\cliente.c(527): warning C4133: 'function': incompatible types - from 'HWND' to 'HDC'
c:\users\sergio\desktop\dungeonrpg\dungeonrpg\cliente_gui\cliente_gui\cliente.c(549): warning C4133: 'function': incompatible types - from 'HDC' to 'HWND'
c:\users\sergio\desktop\dungeonrpg\dungeonrpg\cliente_gui\cliente_gui\cliente.c(549): warning C4133: 'function': incompatible types - from 'HWND' to 'HDC'
c:\users\sergio\desktop\dungeonrpg\dungeonrpg\cliente_gui\cliente_gui\cliente.c(560): warning C4133: 'function': incompatible types - from 'HDC' to 'HWND'
c:\users\sergio\desktop\dungeonrpg\dungeonrpg\cliente_gui\cliente_gui\cliente.c(560): warning C4133: 'function': incompatible types - from 'HWND' to 'HDC'
c:\users\sergio\desktop\dungeonrpg\dungeonrpg\cliente_gui\cliente_gui\cliente.c(568): warning C4133: 'function': incompatible types - from 'HDC' to 'HWND'
c:\users\sergio\desktop\dungeonrpg\dungeonrpg\cliente_gui\cliente_gui\cliente.c(568): warning C4133: 'function': incompatible types - from 'HWND' to 'HDC'
c:\users\sergio\desktop\dungeonrpg\dungeonrpg\cliente_gui\cliente_gui\cliente.c(594): warning C4133: 'function': incompatible types - from 'HDC' to 'HWND'
c:\users\sergio\desktop\dungeonrpg\dungeonrpg\cliente_gui\cliente_gui\cliente.c(594): warning C4133: 'function': incompatible types - from 'HWND' to 'HDC'
c:\users\sergio\desktop\dungeonrpg\dungeonrpg\cliente_gui\cliente_gui\cliente.c(601): warning C4133: 'function': incompatible types - from 'HDC' to 'HWND'
c:\users\sergio\desktop\dungeonrpg\dungeonrpg\cliente_gui\cliente_gui\cliente.c(601): warning C4133: 'function': incompatible types - from 'HWND' to 'HDC'
c:\users\sergio\desktop\dungeonrpg\dungeonrpg\cliente_gui\cliente_gui\cliente.c(476): warning C4101: 'resposta': unreferenced local variable
c:\users\sergio\desktop\dungeonrpg\dungeonrpg\cliente_gui\cliente_gui\cliente.c(655): warning C4101: 'resposta': unreferenced local variable
c:\users\sergio\desktop\dungeonrpg\dungeonrpg\cliente_gui\cliente_gui\cliente.c(683): warning C4101: 'hThread': unreferenced local variable
c:\users\sergio\desktop\dungeonrpg\dungeonrpg\cliente_gui\cliente_gui\cliente.c(684): warning C4101: 'cmd1': unreferenced local variable
c:\users\sergio\desktop\dungeonrpg\dungeonrpg\cliente_gui\cliente_gui\cliente.c(677): warning C4101: 'buf': unreferenced local variable
c:\users\sergio\desktop\dungeonrpg\dungeonrpg\cliente_gui\cliente_gui\cliente.c(755): warning C4133: 'function': incompatible types - from 'char [8]' to 'const wchar_t *'
c:\users\sergio\desktop\dungeonrpg\dungeonrpg\cliente_gui\cliente_gui\cliente.c(747): warning C4101: 'resposta': unreferenced local variable
c:\users\sergio\desktop\dungeonrpg\dungeonrpg\cliente_gui\cliente_gui\cliente.c(770): warning C4101: 'resposta': unreferenced local variable
c:\users\sergio\desktop\dungeonrpg\dungeonrpg\cliente_gui\cliente_gui\cliente.c(791): warning C4101: 'buf': unreferenced local variable
c:\users\sergio\desktop\dungeonrpg\dungeonrpg\cliente_gui\cliente_gui\cliente.c(443): warning C4716: 'funcaotrataEntrarEmJogo': must return a value
  Cliente_GUI.vcxproj -> C:\Users\Sergio\Desktop\DungeonRPG\DungeonRPG\Cliente_GUI\Debug\Cliente_GUI.exe
