c:\users\dmytro yaremyshyn\desktop\dungeonrpg\cliente_gui\cliente_gui\debug\vc140.pdb
c:\users\dmytro yaremyshyn\desktop\dungeonrpg\cliente_gui\cliente_gui\debug\vc140.idb
c:\users\dmytro yaremyshyn\desktop\dungeonrpg\cliente_gui\cliente_gui\debug\cliente.obj
c:\users\dmytro yaremyshyn\desktop\dungeonrpg\cliente_gui\debug\cliente_gui.ilk
c:\users\dmytro yaremyshyn\desktop\dungeonrpg\cliente_gui\debug\cliente_gui.exe
c:\users\dmytro yaremyshyn\desktop\dungeonrpg\cliente_gui\debug\cliente_gui.pdb
c:\users\dmytro yaremyshyn\desktop\dungeonrpg\cliente_gui\cliente_gui\debug\resource.res
c:\users\sergio\desktop\dungeonrpg\dungeonrpg\cliente_gui\cliente_gui\debug\cliente.obj
c:\users\sergio\desktop\dungeonrpg\dungeonrpg\cliente_gui\cliente_gui\debug\resource.res
c:\users\sergio\desktop\dungeonrpg\dungeonrpg\cliente_gui\cliente_gui\debug\vc140.idb
c:\users\sergio\desktop\dungeonrpg\dungeonrpg\cliente_gui\cliente_gui\debug\vc140.pdb
c:\users\sergio\desktop\dungeonrpg\dungeonrpg\cliente_gui\debug\cliente_gui.pdb
c:\users\sergio\desktop\dungeonrpg\dungeonrpg\cliente_gui\debug\cliente_gui.exe
c:\users\sergio\desktop\dungeonrpg\dungeonrpg\cliente_gui\debug\cliente_gui.ilk
c:\users\sergio\desktop\dungeonrpg\dungeonrpg\cliente_gui\cliente_gui\debug\cliente_gui.tlog\cl.command.1.tlog
c:\users\sergio\desktop\dungeonrpg\dungeonrpg\cliente_gui\cliente_gui\debug\cliente_gui.tlog\cl.read.1.tlog
c:\users\sergio\desktop\dungeonrpg\dungeonrpg\cliente_gui\cliente_gui\debug\cliente_gui.tlog\cl.write.1.tlog
c:\users\sergio\desktop\dungeonrpg\dungeonrpg\cliente_gui\cliente_gui\debug\cliente_gui.tlog\link.command.1.tlog
c:\users\sergio\desktop\dungeonrpg\dungeonrpg\cliente_gui\cliente_gui\debug\cliente_gui.tlog\link.read.1.tlog
c:\users\sergio\desktop\dungeonrpg\dungeonrpg\cliente_gui\cliente_gui\debug\cliente_gui.tlog\link.write.1.tlog
c:\users\sergio\desktop\dungeonrpg\dungeonrpg\cliente_gui\cliente_gui\debug\cliente_gui.tlog\rc.command.1.tlog
c:\users\sergio\desktop\dungeonrpg\dungeonrpg\cliente_gui\cliente_gui\debug\cliente_gui.tlog\rc.read.1.tlog
c:\users\sergio\desktop\dungeonrpg\dungeonrpg\cliente_gui\cliente_gui\debug\cliente_gui.tlog\rc.write.1.tlog
